[0613/161759.983:WARNING:dns_config_service_win.cc(668)] Failed to read DnsConfig.
[0614/113323.219:WARNING:dns_config_service_win.cc(668)] Failed to read DnsConfig.
[0614/113328.232:WARNING:dns_config_service_win.cc(668)] Failed to read DnsConfig.
[0614/113333.234:WARNING:dns_config_service_win.cc(668)] Failed to read DnsConfig.
[0614/113338.245:WARNING:dns_config_service_win.cc(668)] Failed to read DnsConfig.
[0614/113343.249:WARNING:dns_config_service_win.cc(668)] Failed to read DnsConfig.
[0614/113348.263:WARNING:dns_config_service_win.cc(668)] Failed to read DnsConfig.
[0614/113353.285:WARNING:dns_config_service_win.cc(668)] Failed to read DnsConfig.
[0614/113358.298:WARNING:dns_config_service_win.cc(668)] Failed to read DnsConfig.
[0614/113403.320:WARNING:dns_config_service_win.cc(668)] Failed to read DnsConfig.
[0614/113408.329:WARNING:dns_config_service_win.cc(668)] Failed to read DnsConfig.
[0614/113413.346:WARNING:dns_config_service_win.cc(668)] Failed to read DnsConfig.
[0614/113418.356:WARNING:dns_config_service_win.cc(668)] Failed to read DnsConfig.
[0614/113423.370:WARNING:dns_config_service_win.cc(668)] Failed to read DnsConfig.
[0614/113428.381:WARNING:dns_config_service_win.cc(668)] Failed to read DnsConfig.
[0614/113433.395:WARNING:dns_config_service_win.cc(668)] Failed to read DnsConfig.
[0614/113438.420:WARNING:dns_config_service_win.cc(668)] Failed to read DnsConfig.
[0614/113443.426:WARNING:dns_config_service_win.cc(668)] Failed to read DnsConfig.
[0614/113448.438:WARNING:dns_config_service_win.cc(668)] Failed to read DnsConfig.
[0614/113453.450:WARNING:dns_config_service_win.cc(668)] Failed to read DnsConfig.
[0614/113458.462:WARNING:dns_config_service_win.cc(668)] Failed to read DnsConfig.
[0614/113503.480:WARNING:dns_config_service_win.cc(668)] Failed to read DnsConfig.
[0614/113508.484:WARNING:dns_config_service_win.cc(668)] Failed to read DnsConfig.
[0614/113513.494:WARNING:dns_config_service_win.cc(668)] Failed to read DnsConfig.
[0614/113518.498:WARNING:dns_config_service_win.cc(668)] Failed to read DnsConfig.
[0614/113523.510:WARNING:dns_config_service_win.cc(668)] Failed to read DnsConfig.
[0614/113528.533:WARNING:dns_config_service_win.cc(668)] Failed to read DnsConfig.
[0614/113533.550:WARNING:dns_config_service_win.cc(668)] Failed to read DnsConfig.
[0614/113620.321:WARNING:dns_config_service_win.cc(668)] Failed to read DnsConfig.
[0614/113625.337:WARNING:dns_config_service_win.cc(668)] Failed to read DnsConfig.
[0614/113630.345:WARNING:dns_config_service_win.cc(668)] Failed to read DnsConfig.
[0614/113635.352:WARNING:dns_config_service_win.cc(668)] Failed to read DnsConfig.
[0614/113640.363:WARNING:dns_config_service_win.cc(668)] Failed to read DnsConfig.
[0614/113645.375:WARNING:dns_config_service_win.cc(668)] Failed to read DnsConfig.
[0614/113650.381:WARNING:dns_config_service_win.cc(668)] Failed to read DnsConfig.
[0614/113655.406:WARNING:dns_config_service_win.cc(668)] Failed to read DnsConfig.
[0614/113700.423:WARNING:dns_config_service_win.cc(668)] Failed to read DnsConfig.
[0614/113705.438:WARNING:dns_config_service_win.cc(668)] Failed to read DnsConfig.
[0614/113710.451:WARNING:dns_config_service_win.cc(668)] Failed to read DnsConfig.
[0614/113715.479:WARNING:dns_config_service_win.cc(668)] Failed to read DnsConfig.
[0614/113720.490:WARNING:dns_config_service_win.cc(668)] Failed to read DnsConfig.
[0614/113725.497:WARNING:dns_config_service_win.cc(668)] Failed to read DnsConfig.
[0614/113730.518:WARNING:dns_config_service_win.cc(668)] Failed to read DnsConfig.
[0614/113735.520:WARNING:dns_config_service_win.cc(668)] Failed to read DnsConfig.
[0614/113740.531:WARNING:dns_config_service_win.cc(668)] Failed to read DnsConfig.
[0614/113745.549:WARNING:dns_config_service_win.cc(668)] Failed to read DnsConfig.
[0614/113750.565:WARNING:dns_config_service_win.cc(668)] Failed to read DnsConfig.
[0614/113755.577:WARNING:dns_config_service_win.cc(668)] Failed to read DnsConfig.
[0614/113800.594:WARNING:dns_config_service_win.cc(668)] Failed to read DnsConfig.
[0614/113805.607:WARNING:dns_config_service_win.cc(668)] Failed to read DnsConfig.
[0614/113810.615:WARNING:dns_config_service_win.cc(668)] Failed to read DnsConfig.
[0614/113815.631:WARNING:dns_config_service_win.cc(668)] Failed to read DnsConfig.
[0614/113820.644:WARNING:dns_config_service_win.cc(668)] Failed to read DnsConfig.
[0614/113825.664:WARNING:dns_config_service_win.cc(668)] Failed to read DnsConfig.
[0614/113830.682:WARNING:dns_config_service_win.cc(668)] Failed to read DnsConfig.
[0614/113835.697:WARNING:dns_config_service_win.cc(668)] Failed to read DnsConfig.
[0614/113840.718:WARNING:dns_config_service_win.cc(668)] Failed to read DnsConfig.
[0614/113845.735:WARNING:dns_config_service_win.cc(668)] Failed to read DnsConfig.
[0614/113850.746:WARNING:dns_config_service_win.cc(668)] Failed to read DnsConfig.
[0614/113855.757:WARNING:dns_config_service_win.cc(668)] Failed to read DnsConfig.
[0614/113900.774:WARNING:dns_config_service_win.cc(668)] Failed to read DnsConfig.
[0614/113905.789:WARNING:dns_config_service_win.cc(668)] Failed to read DnsConfig.
[0614/113910.805:WARNING:dns_config_service_win.cc(668)] Failed to read DnsConfig.
[0614/113915.819:WARNING:dns_config_service_win.cc(668)] Failed to read DnsConfig.
[0614/113920.828:WARNING:dns_config_service_win.cc(668)] Failed to read DnsConfig.
[0614/113925.849:WARNING:dns_config_service_win.cc(668)] Failed to read DnsConfig.
[0614/113930.866:WARNING:dns_config_service_win.cc(668)] Failed to read DnsConfig.
[0614/113935.887:WARNING:dns_config_service_win.cc(668)] Failed to read DnsConfig.
[0614/113940.909:WARNING:dns_config_service_win.cc(668)] Failed to read DnsConfig.
[0614/113945.915:WARNING:dns_config_service_win.cc(668)] Failed to read DnsConfig.
[0614/113950.922:WARNING:dns_config_service_win.cc(668)] Failed to read DnsConfig.
[0614/113955.942:WARNING:dns_config_service_win.cc(668)] Failed to read DnsConfig.
[0614/114000.958:WARNING:dns_config_service_win.cc(668)] Failed to read DnsConfig.
[0614/114005.969:WARNING:dns_config_service_win.cc(668)] Failed to read DnsConfig.
[0614/114010.980:WARNING:dns_config_service_win.cc(668)] Failed to read DnsConfig.
[0614/114015.995:WARNING:dns_config_service_win.cc(668)] Failed to read DnsConfig.
[0614/114021.007:WARNING:dns_config_service_win.cc(668)] Failed to read DnsConfig.
[0614/114026.022:WARNING:dns_config_service_win.cc(668)] Failed to read DnsConfig.
[0614/114031.039:WARNING:dns_config_service_win.cc(668)] Failed to read DnsConfig.
[0614/114036.055:WARNING:dns_config_service_win.cc(668)] Failed to read DnsConfig.
[0614/114041.076:WARNING:dns_config_service_win.cc(668)] Failed to read DnsConfig.
[0614/114046.090:WARNING:dns_config_service_win.cc(668)] Failed to read DnsConfig.
[0614/114051.100:WARNING:dns_config_service_win.cc(668)] Failed to read DnsConfig.
[0614/114056.107:WARNING:dns_config_service_win.cc(668)] Failed to read DnsConfig.
[0614/114057.797:INFO:CONSOLE(1)] "Long rAF frame-time", source: file:///C:/Program%20Files/Adobe/Adobe%20Photoshop%202020/Required/www-rich-tooltips/build/external.js (1)
[0614/114057.964:ERROR:mf_helpers.cc(14)] Error in dxva_video_decode_accelerator_win.cc on line 1612
[0614/114057.964:ERROR:mf_helpers.cc(14)] Error in dxva_video_decode_accelerator_win.cc on line 842
[0614/114057.998:WARNING:angle_platform_impl.cc(52)] compileToBinary(230): 
C:\fakepath(69,8-58): warning X3571: pow(f, e) will not work for negative f, use abs(f) or conditionally handle negative values if you expect them
C:\fakepath(77,9-43): warning X3571: pow(f, e) will not work for negative f, use abs(f) or conditionally handle negative values if you expect them

[0614/114101.125:WARNING:dns_config_service_win.cc(668)] Failed to read DnsConfig.
[0614/114106.132:WARNING:dns_config_service_win.cc(668)] Failed to read DnsConfig.
[0614/114111.139:WARNING:dns_config_service_win.cc(668)] Failed to read DnsConfig.
[0614/114116.157:WARNING:dns_config_service_win.cc(668)] Failed to read DnsConfig.
[0614/114121.177:WARNING:dns_config_service_win.cc(668)] Failed to read DnsConfig.
[0614/114126.194:WARNING:dns_config_service_win.cc(668)] Failed to read DnsConfig.
[0614/114131.220:WARNING:dns_config_service_win.cc(668)] Failed to read DnsConfig.
[0614/114136.235:WARNING:dns_config_service_win.cc(668)] Failed to read DnsConfig.
[0614/114141.249:WARNING:dns_config_service_win.cc(668)] Failed to read DnsConfig.
[0614/114146.260:WARNING:dns_config_service_win.cc(668)] Failed to read DnsConfig.
[0614/114151.276:WARNING:dns_config_service_win.cc(668)] Failed to read DnsConfig.
[0614/114156.282:WARNING:dns_config_service_win.cc(668)] Failed to read DnsConfig.
[0614/114201.297:WARNING:dns_config_service_win.cc(668)] Failed to read DnsConfig.
[0614/114206.314:WARNING:dns_config_service_win.cc(668)] Failed to read DnsConfig.
[0614/114211.330:WARNING:dns_config_service_win.cc(668)] Failed to read DnsConfig.
[0614/114216.341:WARNING:dns_config_service_win.cc(668)] Failed to read DnsConfig.
[0614/114221.357:WARNING:dns_config_service_win.cc(668)] Failed to read DnsConfig.
[0614/114226.375:WARNING:dns_config_service_win.cc(668)] Failed to read DnsConfig.
[0614/114231.389:WARNING:dns_config_service_win.cc(668)] Failed to read DnsConfig.
[0614/114236.406:WARNING:dns_config_service_win.cc(668)] Failed to read DnsConfig.
[0614/114241.418:WARNING:dns_config_service_win.cc(668)] Failed to read DnsConfig.
[0614/114246.433:WARNING:dns_config_service_win.cc(668)] Failed to read DnsConfig.
[0614/114251.437:WARNING:dns_config_service_win.cc(668)] Failed to read DnsConfig.
[0614/114256.452:WARNING:dns_config_service_win.cc(668)] Failed to read DnsConfig.
[0614/114301.476:WARNING:dns_config_service_win.cc(668)] Failed to read DnsConfig.
[0614/114306.491:WARNING:dns_config_service_win.cc(668)] Failed to read DnsConfig.
[0614/114307.643:ERROR:mf_helpers.cc(14)] Error in dxva_video_decode_accelerator_win.cc on line 1612
[0614/114307.643:ERROR:mf_helpers.cc(14)] Error in dxva_video_decode_accelerator_win.cc on line 842
[0614/114307.837:ERROR:mf_helpers.cc(14)] Error in dxva_video_decode_accelerator_win.cc on line 1612
[0614/114307.837:ERROR:mf_helpers.cc(14)] Error in dxva_video_decode_accelerator_win.cc on line 842
[0614/114311.497:WARNING:dns_config_service_win.cc(668)] Failed to read DnsConfig.
[0614/114316.510:WARNING:dns_config_service_win.cc(668)] Failed to read DnsConfig.
[0614/114321.520:WARNING:dns_config_service_win.cc(668)] Failed to read DnsConfig.
[0614/114326.529:WARNING:dns_config_service_win.cc(668)] Failed to read DnsConfig.
[0614/114331.544:WARNING:dns_config_service_win.cc(668)] Failed to read DnsConfig.
[0614/114336.561:WARNING:dns_config_service_win.cc(668)] Failed to read DnsConfig.
[0614/114341.570:WARNING:dns_config_service_win.cc(668)] Failed to read DnsConfig.
[0614/114346.581:WARNING:dns_config_service_win.cc(668)] Failed to read DnsConfig.
[0614/114351.599:WARNING:dns_config_service_win.cc(668)] Failed to read DnsConfig.
[0614/114356.626:WARNING:dns_config_service_win.cc(668)] Failed to read DnsConfig.
[0614/114401.628:WARNING:dns_config_service_win.cc(668)] Failed to read DnsConfig.
[0614/114401.728:ERROR:mf_helpers.cc(14)] Error in dxva_video_decode_accelerator_win.cc on line 1612
[0614/114401.728:ERROR:mf_helpers.cc(14)] Error in dxva_video_decode_accelerator_win.cc on line 842
[0614/114406.648:WARNING:dns_config_service_win.cc(668)] Failed to read DnsConfig.
[0614/114411.666:WARNING:dns_config_service_win.cc(668)] Failed to read DnsConfig.
[0614/114416.682:WARNING:dns_config_service_win.cc(668)] Failed to read DnsConfig.
[0614/114421.692:WARNING:dns_config_service_win.cc(668)] Failed to read DnsConfig.
[0614/114426.701:WARNING:dns_config_service_win.cc(668)] Failed to read DnsConfig.
[0614/114431.708:WARNING:dns_config_service_win.cc(668)] Failed to read DnsConfig.
[0614/114436.727:WARNING:dns_config_service_win.cc(668)] Failed to read DnsConfig.
[0614/114441.745:WARNING:dns_config_service_win.cc(668)] Failed to read DnsConfig.
[0614/114446.756:WARNING:dns_config_service_win.cc(668)] Failed to read DnsConfig.
[0614/114451.771:WARNING:dns_config_service_win.cc(668)] Failed to read DnsConfig.
[0614/114456.787:WARNING:dns_config_service_win.cc(668)] Failed to read DnsConfig.
[0614/114501.789:WARNING:dns_config_service_win.cc(668)] Failed to read DnsConfig.
[0614/114506.809:WARNING:dns_config_service_win.cc(668)] Failed to read DnsConfig.
[0614/114511.817:WARNING:dns_config_service_win.cc(668)] Failed to read DnsConfig.
[0614/114516.835:WARNING:dns_config_service_win.cc(668)] Failed to read DnsConfig.
[0614/114521.855:WARNING:dns_config_service_win.cc(668)] Failed to read DnsConfig.
[0614/114526.869:WARNING:dns_config_service_win.cc(668)] Failed to read DnsConfig.
[0614/114531.887:WARNING:dns_config_service_win.cc(668)] Failed to read DnsConfig.
[0614/114536.898:WARNING:dns_config_service_win.cc(668)] Failed to read DnsConfig.
[0614/114541.912:WARNING:dns_config_service_win.cc(668)] Failed to read DnsConfig.
[0614/114546.931:WARNING:dns_config_service_win.cc(668)] Failed to read DnsConfig.
[0614/114551.958:WARNING:dns_config_service_win.cc(668)] Failed to read DnsConfig.
[0614/114556.966:WARNING:dns_config_service_win.cc(668)] Failed to read DnsConfig.
[0614/114601.981:WARNING:dns_config_service_win.cc(668)] Failed to read DnsConfig.
[0614/114607.000:WARNING:dns_config_service_win.cc(668)] Failed to read DnsConfig.
[0614/114612.010:WARNING:dns_config_service_win.cc(668)] Failed to read DnsConfig.
[0614/114617.030:WARNING:dns_config_service_win.cc(668)] Failed to read DnsConfig.
[0614/114622.032:WARNING:dns_config_service_win.cc(668)] Failed to read DnsConfig.
[0614/114627.050:WARNING:dns_config_service_win.cc(668)] Failed to read DnsConfig.
[0614/114632.066:WARNING:dns_config_service_win.cc(668)] Failed to read DnsConfig.
[0614/114637.084:WARNING:dns_config_service_win.cc(668)] Failed to read DnsConfig.
[0614/114642.102:WARNING:dns_config_service_win.cc(668)] Failed to read DnsConfig.
[0614/114647.113:WARNING:dns_config_service_win.cc(668)] Failed to read DnsConfig.
[0614/114652.128:WARNING:dns_config_service_win.cc(668)] Failed to read DnsConfig.
[0614/114657.144:WARNING:dns_config_service_win.cc(668)] Failed to read DnsConfig.
[0614/114702.156:WARNING:dns_config_service_win.cc(668)] Failed to read DnsConfig.
[0614/114707.168:WARNING:dns_config_service_win.cc(668)] Failed to read DnsConfig.
[0614/114712.187:WARNING:dns_config_service_win.cc(668)] Failed to read DnsConfig.
[0614/114717.209:WARNING:dns_config_service_win.cc(668)] Failed to read DnsConfig.
[0614/114722.227:WARNING:dns_config_service_win.cc(668)] Failed to read DnsConfig.
[0614/114727.249:WARNING:dns_config_service_win.cc(668)] Failed to read DnsConfig.
[0614/114732.260:WARNING:dns_config_service_win.cc(668)] Failed to read DnsConfig.
[0614/114737.279:WARNING:dns_config_service_win.cc(668)] Failed to read DnsConfig.
[0614/114742.300:WARNING:dns_config_service_win.cc(668)] Failed to read DnsConfig.
[0614/114747.317:WARNING:dns_config_service_win.cc(668)] Failed to read DnsConfig.
[0614/114752.327:WARNING:dns_config_service_win.cc(668)] Failed to read DnsConfig.
[0614/114757.335:WARNING:dns_config_service_win.cc(668)] Failed to read DnsConfig.
[0614/114802.355:WARNING:dns_config_service_win.cc(668)] Failed to read DnsConfig.
[0614/114807.380:WARNING:dns_config_service_win.cc(668)] Failed to read DnsConfig.
[0614/114812.399:WARNING:dns_config_service_win.cc(668)] Failed to read DnsConfig.
[0614/114817.410:WARNING:dns_config_service_win.cc(668)] Failed to read DnsConfig.
[0614/114822.428:WARNING:dns_config_service_win.cc(668)] Failed to read DnsConfig.
[0614/114827.440:WARNING:dns_config_service_win.cc(668)] Failed to read DnsConfig.
[0614/114832.463:WARNING:dns_config_service_win.cc(668)] Failed to read DnsConfig.
[0614/114837.473:WARNING:dns_config_service_win.cc(668)] Failed to read DnsConfig.
[0614/114842.491:WARNING:dns_config_service_win.cc(668)] Failed to read DnsConfig.
[0614/114847.500:WARNING:dns_config_service_win.cc(668)] Failed to read DnsConfig.
[0614/114852.509:WARNING:dns_config_service_win.cc(668)] Failed to read DnsConfig.
[0614/114857.519:WARNING:dns_config_service_win.cc(668)] Failed to read DnsConfig.
[0614/114902.545:WARNING:dns_config_service_win.cc(668)] Failed to read DnsConfig.
[0614/114907.557:WARNING:dns_config_service_win.cc(668)] Failed to read DnsConfig.
[0614/114912.575:WARNING:dns_config_service_win.cc(668)] Failed to read DnsConfig.
[0614/114917.589:WARNING:dns_config_service_win.cc(668)] Failed to read DnsConfig.
[0614/114922.603:WARNING:dns_config_service_win.cc(668)] Failed to read DnsConfig.
[0614/114927.616:WARNING:dns_config_service_win.cc(668)] Failed to read DnsConfig.
[0614/114932.628:WARNING:dns_config_service_win.cc(668)] Failed to read DnsConfig.
[0614/114937.642:WARNING:dns_config_service_win.cc(668)] Failed to read DnsConfig.
[0614/114942.652:WARNING:dns_config_service_win.cc(668)] Failed to read DnsConfig.
[0614/114947.660:WARNING:dns_config_service_win.cc(668)] Failed to read DnsConfig.
[0614/114952.673:WARNING:dns_config_service_win.cc(668)] Failed to read DnsConfig.
[0614/114957.690:WARNING:dns_config_service_win.cc(668)] Failed to read DnsConfig.
[0614/115002.708:WARNING:dns_config_service_win.cc(668)] Failed to read DnsConfig.
[0614/115002.931:WARNING:dns_config_service_win.cc(668)] Failed to read DnsConfig.
[0614/115003.035:WARNING:dns_config_service_win.cc(668)] Failed to read DnsConfig.
[0614/120900.259:ERROR:mf_helpers.cc(14)] Error in dxva_video_decode_accelerator_win.cc on line 1612
[0614/120900.261:ERROR:mf_helpers.cc(14)] Error in dxva_video_decode_accelerator_win.cc on line 842
[0614/120909.313:ERROR:mf_helpers.cc(14)] Error in dxva_video_decode_accelerator_win.cc on line 1612
[0614/120909.314:ERROR:mf_helpers.cc(14)] Error in dxva_video_decode_accelerator_win.cc on line 842
[0614/120911.185:ERROR:mf_helpers.cc(14)] Error in dxva_video_decode_accelerator_win.cc on line 1612
[0614/120911.185:ERROR:mf_helpers.cc(14)] Error in dxva_video_decode_accelerator_win.cc on line 842
[0614/120911.480:ERROR:mf_helpers.cc(14)] Error in dxva_video_decode_accelerator_win.cc on line 1612
[0614/120911.480:ERROR:mf_helpers.cc(14)] Error in dxva_video_decode_accelerator_win.cc on line 842
[0614/120921.654:ERROR:mf_helpers.cc(14)] Error in dxva_video_decode_accelerator_win.cc on line 1612
[0614/120921.654:ERROR:mf_helpers.cc(14)] Error in dxva_video_decode_accelerator_win.cc on line 842
[0614/121016.483:ERROR:mf_helpers.cc(14)] Error in dxva_video_decode_accelerator_win.cc on line 1612
[0614/121016.483:ERROR:mf_helpers.cc(14)] Error in dxva_video_decode_accelerator_win.cc on line 842
[0614/121017.449:ERROR:mf_helpers.cc(14)] Error in dxva_video_decode_accelerator_win.cc on line 1612
[0614/121017.449:ERROR:mf_helpers.cc(14)] Error in dxva_video_decode_accelerator_win.cc on line 842
[0614/121248.769:ERROR:mf_helpers.cc(14)] Error in dxva_video_decode_accelerator_win.cc on line 1612
[0614/121248.770:ERROR:mf_helpers.cc(14)] Error in dxva_video_decode_accelerator_win.cc on line 842
[0614/121249.416:ERROR:mf_helpers.cc(14)] Error in dxva_video_decode_accelerator_win.cc on line 1612
[0614/121249.416:ERROR:mf_helpers.cc(14)] Error in dxva_video_decode_accelerator_win.cc on line 842
[0614/121414.755:ERROR:mf_helpers.cc(14)] Error in dxva_video_decode_accelerator_win.cc on line 1612
[0614/121414.755:ERROR:mf_helpers.cc(14)] Error in dxva_video_decode_accelerator_win.cc on line 842
[0614/121442.951:ERROR:mf_helpers.cc(14)] Error in dxva_video_decode_accelerator_win.cc on line 1612
[0614/121442.951:ERROR:mf_helpers.cc(14)] Error in dxva_video_decode_accelerator_win.cc on line 842
[0614/121443.556:ERROR:mf_helpers.cc(14)] Error in dxva_video_decode_accelerator_win.cc on line 1612
[0614/121443.556:ERROR:mf_helpers.cc(14)] Error in dxva_video_decode_accelerator_win.cc on line 842
[0614/123416.119:INFO:CONSOLE(1)] "Long rAF frame-time", source: file:///C:/Program%20Files/Adobe/Adobe%20Photoshop%202020/Required/www-rich-tooltips/build/external.js (1)
[0614/123851.622:ERROR:media_internals.cc(112)] Cannot get RenderProcessHost
[0615/091742.447:INFO:CONSOLE(1)] "Long rAF frame-time", source: file:///C:/Program%20Files/Adobe/Adobe%20Photoshop%202020/Required/www-rich-tooltips/build/external.js (1)
[0615/115656.304:WARNING:dns_config_service_win.cc(668)] Failed to read DnsConfig.
[0615/115656.319:WARNING:dns_config_service_win.cc(668)] Failed to read DnsConfig.
[0615/115656.351:WARNING:dns_config_service_win.cc(668)] Failed to read DnsConfig.
